{
  "RSpec": {
    "coverage": {
      "/Users/davehardy632/turing/2repeat/projects/BookClub/config/environment.rb": [
        null,
        1,
        null,
        null,
        1
      ],
      "/Users/davehardy632/turing/2repeat/projects/BookClub/config/application.rb": [
        1,
        null,
        1,
        null,
        1,
        1,
        1,
        1,
        1,
        1,
        1,
        1,
        null,
        null,
        null,
        null,
        1,
        null,
        1,
        1,
        null,
        1,
        null,
        null,
        null,
        null,
        null,
        null,
        1,
        null,
        null
      ],
      "/Users/davehardy632/turing/2repeat/projects/BookClub/config/boot.rb": [
        1,
        null,
        1
      ],
      "/Users/davehardy632/turing/2repeat/projects/BookClub/config/environments/test.rb": [
        1,
        null,
        null,
        null,
        null,
        null,
        null,
        1,
        null,
        null,
        null,
        null,
        1,
        null,
        null,
        1,
        1,
        null,
        null,
        null,
        null,
        1,
        1,
        null,
        null,
        1,
        null,
        null,
        1,
        1,
        null,
        null,
        null,
        null,
        1,
        null,
        null,
        1,
        null,
        null,
        null,
        null
      ],
      "/Users/davehardy632/turing/2repeat/projects/BookClub/config/initializers/application_controller_renderer.rb": [
        null,
        null,
        null,
        null,
        null,
        null,
        null,
        null
      ],
      "/Users/davehardy632/turing/2repeat/projects/BookClub/config/initializers/assets.rb": [
        null,
        null,
        null,
        1,
        null,
        null,
        null,
        null,
        1,
        null,
        null,
        null,
        null,
        null
      ],
      "/Users/davehardy632/turing/2repeat/projects/BookClub/config/initializers/backtrace_silencers.rb": [
        null,
        null,
        null,
        null,
        null,
        null,
        null
      ],
      "/Users/davehardy632/turing/2repeat/projects/BookClub/config/initializers/cookies_serializer.rb": [
        null,
        null,
        null,
        null,
        1
      ],
      "/Users/davehardy632/turing/2repeat/projects/BookClub/config/initializers/filter_parameter_logging.rb": [
        null,
        null,
        null,
        1
      ],
      "/Users/davehardy632/turing/2repeat/projects/BookClub/config/initializers/inflections.rb": [
        null,
        null,
        null,
        null,
        null,
        null,
        null,
        null,
        null,
        null,
        null,
        null,
        null,
        null,
        null,
        null
      ],
      "/Users/davehardy632/turing/2repeat/projects/BookClub/config/initializers/mime_types.rb": [
        null,
        null,
        null,
        null
      ],
      "/Users/davehardy632/turing/2repeat/projects/BookClub/config/initializers/wrap_parameters.rb": [
        null,
        null,
        null,
        null,
        null,
        null,
        1,
        2,
        null,
        null,
        null,
        null,
        null,
        null
      ],
      "/Users/davehardy632/turing/2repeat/projects/BookClub/config/routes.rb": [
        1,
        null,
        null,
        1,
        null,
        null,
        1,
        1,
        1,
        1,
        1,
        null,
        null,
        1,
        1,
        1,
        null,
        null,
        null,
        1,
        null,
        null,
        1,
        1,
        null,
        null,
        null,
        null,
        null,
        1,
        null
      ],
      "/Users/davehardy632/turing/2repeat/projects/BookClub/app/helpers/application_helper.rb": [
        1,
        null
      ],
      "/Users/davehardy632/turing/2repeat/projects/BookClub/spec/features/books/index_spec.rb": [
        1,
        null,
        1,
        1,
        13,
        13,
        13,
        13,
        13,
        13,
        null,
        13,
        13,
        13,
        13,
        13,
        13,
        13,
        null,
        13,
        13,
        13,
        13,
        13,
        13,
        null,
        13,
        null,
        13,
        13,
        null,
        13,
        13,
        13,
        null,
        13,
        13,
        13,
        13,
        null,
        13,
        13,
        13,
        13,
        13,
        null,
        13,
        13,
        13,
        13,
        13,
        13,
        null,
        null,
        null,
        1,
        1,
        null,
        1,
        1,
        1,
        null,
        null,
        null,
        null,
        1,
        1,
        null,
        1,
        null,
        1,
        1,
        1,
        1,
        1,
        1,
        1,
        null,
        1,
        1,
        1,
        1,
        1,
        1,
        null,
        1,
        1,
        1,
        1,
        1,
        1,
        null,
        null,
        1,
        null,
        1,
        null,
        1,
        1,
        1,
        null,
        1,
        1,
        1,
        null,
        1,
        1,
        1,
        null,
        null,
        1,
        null,
        1,
        null,
        1,
        1,
        null,
        1,
        1,
        null,
        1,
        1,
        null,
        1,
        null,
        null,
        1,
        1,
        null,
        1,
        1,
        1,
        null,
        null,
        1,
        1,
        null,
        1,
        null,
        1,
        1,
        1,
        1,
        1,
        1,
        1,
        null,
        null,
        1,
        null,
        1,
        null,
        1,
        1,
        null,
        1,
        null,
        1,
        1,
        1,
        1,
        1,
        1,
        1,
        null,
        null,
        1,
        null,
        1,
        null,
        1,
        1,
        null,
        1,
        null,
        1,
        1,
        1,
        1,
        1,
        1,
        1,
        1,
        1,
        1,
        1,
        1,
        null,
        null,
        null,
        1,
        null,
        1,
        null,
        1,
        1,
        null,
        1,
        null,
        1,
        1,
        1,
        1,
        1,
        1,
        1,
        null,
        null,
        1,
        null,
        1,
        null,
        1,
        1,
        null,
        1,
        null,
        1,
        1,
        1,
        1,
        1,
        1,
        1,
        null,
        null,
        null,
        1,
        null,
        1,
        null,
        1,
        1,
        null,
        1,
        null,
        1,
        1,
        1,
        1,
        1,
        1,
        1,
        null,
        null,
        1,
        1,
        null,
        1,
        null,
        1,
        1,
        1,
        1,
        1,
        1,
        1,
        null,
        1,
        1,
        1,
        1,
        1,
        1,
        1,
        null,
        1,
        1,
        1,
        1,
        1,
        1,
        1,
        null,
        null,
        1,
        null,
        1,
        null,
        1,
        null,
        1,
        null,
        1,
        1,
        1,
        1,
        1,
        1,
        1,
        null,
        1,
        null,
        1,
        1,
        null,
        null,
        1,
        1,
        1,
        1,
        1,
        null,
        1,
        1,
        1,
        1,
        1,
        null,
        1,
        1,
        1,
        1,
        1,
        null,
        null,
        null,
        null,
        null
      ],
      "/Users/davehardy632/turing/2repeat/projects/BookClub/spec/features/books/new_spec.rb": [
        1,
        null,
        1,
        1,
        1,
        null,
        1,
        null,
        1,
        1,
        1,
        1,
        1,
        null,
        1,
        null,
        1,
        null,
        1,
        null,
        1,
        1,
        1,
        1,
        1,
        null,
        1,
        null,
        1,
        null,
        1,
        null,
        1,
        null,
        1,
        1,
        1,
        1,
        1,
        null,
        1,
        null,
        null,
        1,
        null,
        1,
        null,
        1,
        null,
        1,
        null,
        1,
        null,
        1,
        1,
        1,
        1,
        1,
        null,
        1,
        null,
        1,
        null,
        1,
        null,
        1,
        1,
        1,
        1,
        null,
        1,
        null,
        1,
        null,
        1,
        null,
        1,
        null,
        1,
        1,
        1,
        null,
        1,
        null,
        1,
        null,
        1,
        null,
        1,
        null,
        1,
        1,
        1,
        1,
        null,
        null,
        null
      ],
      "/Users/davehardy632/turing/2repeat/projects/BookClub/spec/features/books/show_spec.rb": [
        1,
        null,
        1,
        1,
        7,
        7,
        7,
        null,
        7,
        7,
        7,
        7,
        null,
        7,
        7,
        7,
        7,
        7,
        7,
        null,
        7,
        7,
        7,
        7,
        7,
        7,
        null,
        null,
        1,
        1,
        null,
        1,
        null,
        1,
        1,
        1,
        1,
        1,
        1,
        null,
        null,
        null,
        null,
        null,
        1,
        null,
        1,
        null,
        1,
        1,
        1,
        1,
        1,
        null,
        null,
        1,
        null,
        null,
        1,
        null,
        1,
        1,
        1,
        1,
        null,
        1,
        1,
        1,
        null,
        1,
        1,
        1,
        null,
        null,
        1,
        null,
        1,
        null,
        1,
        null,
        1,
        1,
        1,
        null,
        1,
        1,
        1,
        null,
        1,
        1,
        1,
        null,
        null,
        null,
        1,
        null,
        1,
        null,
        1,
        1,
        null,
        null,
        null,
        1,
        null,
        1,
        null,
        1,
        1,
        null,
        null,
        1,
        null,
        1,
        1,
        1,
        1,
        null,
        1,
        1,
        null,
        1,
        1,
        null,
        1,
        null,
        1,
        1,
        null,
        1,
        1,
        1,
        1,
        1,
        null,
        null,
        null
      ],
      "/Users/davehardy632/turing/2repeat/projects/BookClub/spec/features/reviews/new_spec.rb": [
        1,
        null,
        1,
        1,
        5,
        null,
        null,
        1,
        1,
        null,
        1,
        null,
        1,
        1,
        1,
        1,
        1,
        null,
        1,
        1,
        1,
        1,
        1,
        null,
        1,
        null,
        1,
        null,
        1,
        null,
        1,
        1,
        1,
        1,
        1,
        null,
        1,
        1,
        1,
        1,
        1,
        null,
        1,
        null,
        1,
        1,
        1,
        1,
        null,
        1,
        null,
        1,
        1,
        1,
        1,
        1,
        null,
        1,
        null,
        1,
        null,
        1,
        null,
        1,
        1,
        1,
        null,
        1,
        null,
        1,
        null,
        1,
        null,
        1,
        null,
        1,
        null,
        1,
        1,
        1,
        null,
        1,
        null,
        null,
        null
      ],
      "/Users/davehardy632/turing/2repeat/projects/BookClub/spec/features/users/show_spec.rb": [
        1,
        null,
        1,
        1,
        3,
        3,
        3,
        null,
        3,
        3,
        3,
        3,
        null,
        3,
        3,
        3,
        3,
        3,
        3,
        null,
        3,
        3,
        3,
        3,
        3,
        3,
        null,
        3,
        3,
        3,
        null,
        3,
        3,
        3,
        null,
        null,
        1,
        1,
        null,
        1,
        null,
        1,
        null,
        1,
        1,
        1,
        1,
        1,
        1,
        1,
        null,
        1,
        1,
        1,
        1,
        1,
        1,
        1,
        null,
        1,
        1,
        1,
        1,
        1,
        1,
        1,
        null,
        null,
        null,
        null,
        1,
        1,
        1,
        1,
        null,
        1,
        null,
        1,
        1,
        1,
        null,
        1,
        null,
        1,
        1,
        null,
        null,
        1,
        1,
        1,
        null,
        1,
        1,
        null,
        1,
        1,
        null,
        null,
        1,
        1,
        null,
        null,
        1,
        1,
        1,
        null,
        1,
        1,
        null,
        1,
        1,
        null,
        null,
        1,
        1,
        1,
        1,
        1,
        null,
        1,
        null,
        1,
        1,
        1,
        null,
        1,
        null,
        1,
        1,
        null,
        1,
        1,
        null,
        1,
        1,
        null,
        1,
        null,
        1,
        1,
        1,
        1,
        1,
        null,
        null,
        null
      ],
      "/Users/davehardy632/turing/2repeat/projects/BookClub/app/models/user.rb": [
        1,
        1,
        1,
        1,
        null,
        1,
        26,
        null,
        null,
        1,
        4,
        null,
        null
      ],
      "/Users/davehardy632/turing/2repeat/projects/BookClub/app/models/application_record.rb": [
        1,
        1,
        null
      ],
      "/Users/davehardy632/turing/2repeat/projects/BookClub/spec/features/welcome/welcome_spec.rb": [
        1,
        null,
        1,
        1,
        null,
        1,
        null,
        1,
        null,
        1,
        1,
        null,
        1,
        1,
        null,
        1,
        1,
        null,
        null
      ],
      "/Users/davehardy632/turing/2repeat/projects/BookClub/spec/models/author_spec.rb": [
        1,
        null,
        1,
        1,
        2,
        2,
        null,
        null,
        1,
        2,
        null,
        null
      ],
      "/Users/davehardy632/turing/2repeat/projects/BookClub/app/models/author.rb": [
        1,
        1,
        1,
        null,
        1,
        null
      ],
      "/Users/davehardy632/turing/2repeat/projects/BookClub/spec/models/book_author_spec.rb": [
        1,
        null,
        1,
        1,
        2,
        2,
        null,
        null
      ],
      "/Users/davehardy632/turing/2repeat/projects/BookClub/app/models/book_author.rb": [
        1,
        1,
        1,
        null,
        null
      ],
      "/Users/davehardy632/turing/2repeat/projects/BookClub/spec/models/book_spec.rb": [
        1,
        null,
        1,
        1,
        20,
        20,
        20,
        null,
        20,
        20,
        20,
        20,
        null,
        20,
        20,
        20,
        20,
        20,
        20,
        null,
        20,
        20,
        20,
        20,
        20,
        20,
        null,
        20,
        20,
        20,
        null,
        20,
        20,
        20,
        null,
        null,
        1,
        2,
        2,
        2,
        2,
        null,
        1,
        2,
        2,
        2,
        2,
        null,
        1,
        1,
        null,
        1,
        1,
        1,
        null,
        1,
        null,
        1,
        1,
        1,
        null,
        1,
        null,
        1,
        null,
        1,
        1,
        1,
        1,
        1,
        1,
        null,
        1,
        1,
        1,
        null,
        null,
        1,
        1,
        1,
        1,
        1,
        null,
        null,
        1,
        null,
        1,
        null,
        1,
        null,
        null,
        1,
        1,
        1,
        1,
        1,
        null,
        1,
        1,
        null,
        1,
        1,
        null,
        1,
        1,
        1,
        1,
        1,
        1,
        1,
        null,
        1,
        1,
        null,
        1,
        1,
        null,
        1,
        null,
        1,
        1,
        null,
        1,
        null,
        1,
        1,
        null,
        1,
        1,
        1,
        null,
        1,
        1,
        1,
        null,
        1,
        null,
        1,
        1,
        1,
        1,
        1,
        1,
        1,
        1,
        null,
        1,
        null,
        null,
        null,
        null
      ],
      "/Users/davehardy632/turing/2repeat/projects/BookClub/app/models/book.rb": [
        1,
        1,
        1,
        null,
        1,
        1,
        null,
        1,
        1,
        1,
        1,
        null,
        1,
        304,
        292,
        null,
        null,
        null,
        1,
        145,
        null,
        null,
        1,
        14,
        null,
        null,
        1,
        14,
        null,
        null,
        1,
        25,
        null,
        null,
        1,
        null,
        null,
        5,
        null,
        null,
        1,
        4,
        null,
        null,
        1,
        null,
        null,
        4,
        null,
        null,
        1,
        null,
        null,
        null,
        27,
        null,
        null,
        1,
        null,
        null,
        null,
        27,
        null,
        null,
        1,
        2,
        null,
        null,
        1,
        null,
        6,
        null,
        null,
        null
      ],
      "/Users/davehardy632/turing/2repeat/projects/BookClub/spec/models/review_spec.rb": [
        1,
        null,
        1,
        1,
        2,
        2,
        null,
        null,
        1,
        2,
        2,
        2,
        null,
        null
      ],
      "/Users/davehardy632/turing/2repeat/projects/BookClub/app/models/review.rb": [
        1,
        null,
        1,
        1,
        null,
        1,
        1,
        1,
        null,
        null
      ],
      "/Users/davehardy632/turing/2repeat/projects/BookClub/spec/models/user_spec.rb": [
        1,
        null,
        1,
        1,
        5,
        5,
        5,
        null,
        5,
        5,
        5,
        5,
        null,
        5,
        5,
        5,
        5,
        5,
        5,
        null,
        5,
        5,
        5,
        5,
        5,
        5,
        null,
        5,
        5,
        5,
        null,
        5,
        5,
        5,
        null,
        1,
        2,
        2,
        null,
        null,
        1,
        2,
        null,
        1,
        1,
        1,
        1,
        1,
        null,
        1,
        1,
        1,
        1,
        null,
        1,
        null,
        1,
        1,
        null,
        1,
        1,
        1,
        null,
        1,
        1,
        1,
        null,
        1,
        1,
        null,
        null,
        null
      ],
      "/Users/davehardy632/turing/2repeat/projects/BookClub/app/controllers/authors_controller.rb": [
        1,
        null,
        1,
        6,
        null,
        null,
        1,
        4,
        4,
        4,
        4,
        4,
        null,
        null
      ],
      "/Users/davehardy632/turing/2repeat/projects/BookClub/app/controllers/application_controller.rb": [
        1,
        1,
        null
      ],
      "/Users/davehardy632/turing/2repeat/projects/BookClub/app/controllers/books_controller.rb": [
        1,
        null,
        1,
        26,
        3,
        3,
        23,
        2,
        21,
        2,
        2,
        null,
        19,
        null,
        26,
        26,
        26,
        null,
        null,
        1,
        13,
        null,
        null,
        1,
        6,
        null,
        null,
        1,
        4,
        4,
        4,
        4,
        4,
        4,
        1,
        3,
        3,
        3,
        4,
        4,
        null,
        3,
        null,
        null,
        null,
        1,
        1,
        1,
        null,
        null,
        1,
        null,
        1,
        16,
        null,
        null,
        1,
        3,
        null,
        null
      ],
      "/Users/davehardy632/turing/2repeat/projects/BookClub/app/controllers/reviews_controller.rb": [
        1,
        1,
        9,
        9,
        null,
        null,
        1,
        5,
        5,
        5,
        5,
        1,
        1,
        4,
        1,
        null,
        3,
        3,
        3,
        2,
        null,
        1,
        null,
        null,
        null,
        null,
        1,
        1,
        1,
        1,
        1,
        null,
        null,
        1,
        null,
        1,
        3,
        null,
        null,
        1,
        5,
        null,
        null
      ],
      "/Users/davehardy632/turing/2repeat/projects/BookClub/app/controllers/users_controller.rb": [
        1,
        null,
        1,
        6,
        1,
        1,
        5,
        1,
        1,
        null,
        4,
        null,
        null,
        null
      ],
      "/Users/davehardy632/turing/2repeat/projects/BookClub/app/controllers/welcome_controller.rb": [
        1,
        1,
        null,
        null,
        null
      ]
    },
    "timestamp": 1560545064
  }
}
